Flow report for mpu
Sat May 09 16:38:55 2020
Quartus Prime Version 18.1.0 Build 625 09/12/2018 SJ Lite Edition


---------------------
; Table of Contents ;
---------------------
  1. Legal Notice
  2. Flow Summary
  3. Flow Settings
  4. Flow Non-Default Global Settings
  5. Flow Elapsed Time
  6. Flow OS Summary
  7. Flow Log
  8. Flow Messages
  9. Flow Suppressed Messages



----------------
; Legal Notice ;
----------------
Copyright (C) 2018  Intel Corporation. All rights reserved.
Your use of Intel Corporation's design tools, logic functions 
and other software and tools, and its AMPP partner logic 
functions, and any output files from any of the foregoing 
(including device programming or simulation files), and any 
associated documentation or information are expressly subject 
to the terms and conditions of the Intel Program License 
Subscription Agreement, the Intel Quartus Prime License Agreement,
the Intel FPGA IP License Agreement, or other applicable license
agreement, including, without limitation, that your use is for
the sole purpose of programming logic devices manufactured by
Intel and sold by Intel or its authorized distributors.  Please
refer to the applicable agreement for further details.



+----------------------------------------------------------------------------------+
; Flow Summary                                                                     ;
+------------------------------------+---------------------------------------------+
; Flow Status                        ; Successful - Sat May 09 16:38:28 2020       ;
; Quartus Prime Version              ; 18.1.0 Build 625 09/12/2018 SJ Lite Edition ;
; Revision Name                      ; mpu                                         ;
; Top-level Entity Name              ; top                                         ;
; Family                             ; Cyclone 10 LP                               ;
; Device                             ; 10CL025YU256I7G                             ;
; Timing Models                      ; Final                                       ;
; Total logic elements               ; 22,540 / 24,624 ( 92 % )                    ;
;     Total combinational functions  ; 18,570 / 24,624 ( 75 % )                    ;
;     Dedicated logic registers      ; 16,809 / 24,624 ( 68 % )                    ;
; Total registers                    ; 16821                                       ;
; Total pins                         ; 23 / 151 ( 15 % )                           ;
; Total virtual pins                 ; 0                                           ;
; Total memory bits                  ; 41,856 / 608,256 ( 7 % )                    ;
; Embedded Multiplier 9-bit elements ; 102 / 132 ( 77 % )                          ;
; Total PLLs                         ; 1 / 4 ( 25 % )                              ;
+------------------------------------+---------------------------------------------+


+-----------------------------------------+
; Flow Settings                           ;
+-------------------+---------------------+
; Option            ; Setting             ;
+-------------------+---------------------+
; Start date & time ; 05/09/2020 16:29:45 ;
; Main task         ; Compilation         ;
; Revision Name     ; mpu                 ;
+-------------------+---------------------+


+--------------------------------------------------------------------------------------------------------------------------------------------------------------+
; Flow Non-Default Global Settings                                                                                                                             ;
+------------------------------------------------------+------------------------------------------------------------+---------------+-------------+------------+
; Assignment Name                                      ; Value                                                      ; Default Value ; Entity Name ; Section Id ;
+------------------------------------------------------+------------------------------------------------------------+---------------+-------------+------------+
; ADV_NETLIST_OPT_SYNTH_WYSIWYG_REMAP                  ; On                                                         ; Off           ; --          ; --         ;
; COMPILER_SIGNATURE_ID                                ; 2200303521616.158903458514160                              ; --            ; --          ; --         ;
; CYCLONEII_OPTIMIZATION_TECHNIQUE                     ; Speed                                                      ; Balanced      ; --          ; --         ;
; ENABLE_SIGNALTAP                                     ; Off                                                        ; --            ; --          ; --         ;
; FITTER_AGGRESSIVE_ROUTABILITY_OPTIMIZATION           ; Always                                                     ; Automatically ; --          ; --         ;
; FITTER_EFFORT                                        ; Standard Fit                                               ; Auto Fit      ; --          ; --         ;
; MAX_CORE_JUNCTION_TEMP                               ; 100                                                        ; --            ; --          ; --         ;
; MIN_CORE_JUNCTION_TEMP                               ; -40                                                        ; --            ; --          ; --         ;
; MISC_FILE                                            ; src/qsys_top/qsys_top/synthesis/../qsys_top.cmp            ; --            ; --          ; --         ;
; MISC_FILE                                            ; src/qsys_top/qsys_top/synthesis/../../qsys_top.qsys        ; --            ; --          ; --         ;
; MISC_FILE                                            ; pll_inst.v                                                 ; --            ; --          ; --         ;
; MISC_FILE                                            ; pll.ppf                                                    ; --            ; --          ; --         ;
; NOMINAL_CORE_SUPPLY_VOLTAGE                          ; 1.2V                                                       ; --            ; --          ; --         ;
; PARTITION_COLOR                                      ; -- (Not supported for targeted family)                     ; --            ; top         ; Top        ;
; PARTITION_FITTER_PRESERVATION_LEVEL                  ; -- (Not supported for targeted family)                     ; --            ; top         ; Top        ;
; PARTITION_NETLIST_TYPE                               ; -- (Not supported for targeted family)                     ; --            ; top         ; Top        ;
; PERIPHERY_TO_CORE_PLACEMENT_AND_ROUTING_OPTIMIZATION ; Auto                                                       ; Off           ; --          ; --         ;
; PHYSICAL_SYNTHESIS_COMBO_LOGIC                       ; On                                                         ; Off           ; --          ; --         ;
; PHYSICAL_SYNTHESIS_REGISTER_DUPLICATION              ; On                                                         ; Off           ; --          ; --         ;
; PHYSICAL_SYNTHESIS_REGISTER_RETIMING                 ; On                                                         ; Off           ; --          ; --         ;
; PLACEMENT_EFFORT_MULTIPLIER                          ; 4.0                                                        ; 1.0           ; --          ; --         ;
; POWER_BOARD_THERMAL_MODEL                            ; None (CONSERVATIVE)                                        ; --            ; --          ; --         ;
; POWER_PRESET_COOLING_SOLUTION                        ; 23 MM HEAT SINK WITH 200 LFPM AIRFLOW                      ; --            ; --          ; --         ;
; PROJECT_OUTPUT_DIRECTORY                             ; output_files                                               ; --            ; --          ; --         ;
; QII_AUTO_PACKED_REGISTERS                            ; Normal                                                     ; Auto          ; --          ; --         ;
; ROUTER_LCELL_INSERTION_AND_LOGIC_DUPLICATION         ; On                                                         ; Auto          ; --          ; --         ;
; ROUTER_TIMING_OPTIMIZATION_LEVEL                     ; MAXIMUM                                                    ; Normal        ; --          ; --         ;
; SEED                                                 ; 6                                                          ; 1             ; --          ; --         ;
; SLD_FILE                                             ; src/qsys_top/qsys_top/synthesis/qsys_top.debuginfo         ; --            ; --          ; --         ;
; SLD_INFO                                             ; QSYS_NAME qsys_top HAS_SOPCINFO 1 GENERATION_ID 1589034478 ; --            ; qsys_top    ; --         ;
; SMART_RECOMPILE                                      ; On                                                         ; Off           ; --          ; --         ;
; SOPCINFO_FILE                                        ; src/qsys_top/qsys_top/synthesis/../../qsys_top.sopcinfo    ; --            ; --          ; --         ;
; SYNTHESIS_ONLY_QIP                                   ; On                                                         ; --            ; --          ; --         ;
; TOP_LEVEL_ENTITY                                     ; top                                                        ; mpu           ; --          ; --         ;
; USE_SIGNALTAP_FILE                                   ; output_files/stp1.stp                                      ; --            ; --          ; --         ;
+------------------------------------------------------+------------------------------------------------------------+---------------+-------------+------------+


+--------------------------------------------------------------------------------------------------------------------------+
; Flow Elapsed Time                                                                                                        ;
+----------------------+--------------+-------------------------+---------------------+------------------------------------+
; Module Name          ; Elapsed Time ; Average Processors Used ; Peak Virtual Memory ; Total CPU Time (on all processors) ;
+----------------------+--------------+-------------------------+---------------------+------------------------------------+
; Analysis & Synthesis ; 00:03:23     ; 1.0                     ; 1069 MB             ; 00:04:03                           ;
; Fitter               ; 00:04:50     ; 1.3                     ; 1729 MB             ; 00:10:19                           ;
; Assembler            ; 00:00:06     ; 1.0                     ; 646 MB              ; 00:00:06                           ;
; Timing Analyzer      ; 00:00:25     ; 1.6                     ; 969 MB              ; 00:00:36                           ;
; Total                ; 00:08:44     ; --                      ; --                  ; 00:15:04                           ;
+----------------------+--------------+-------------------------+---------------------+------------------------------------+


+-----------------------------------------------------------------------------------+
; Flow OS Summary                                                                   ;
+----------------------+------------------+-----------+------------+----------------+
; Module Name          ; Machine Hostname ; OS Name   ; OS Version ; Processor type ;
+----------------------+------------------+-----------+------------+----------------+
; Analysis & Synthesis ; LEN              ; Windows 7 ; 6.1        ; x86_64         ;
; Fitter               ; LEN              ; Windows 7 ; 6.1        ; x86_64         ;
; Assembler            ; LEN              ; Windows 7 ; 6.1        ; x86_64         ;
; Timing Analyzer      ; LEN              ; Windows 7 ; 6.1        ; x86_64         ;
+----------------------+------------------+-----------+------------+----------------+


------------
; Flow Log ;
------------
quartus_map --read_settings_files=on --write_settings_files=off mpu -c mpu
quartus_fit --read_settings_files=off --write_settings_files=off mpu -c mpu
quartus_asm --read_settings_files=off --write_settings_files=off mpu -c mpu
quartus_sta mpu -c mpu



